This is pTeX, Version 3.141592-p3.1.10 (euc) (Web2C 7.5.4) (format=platex-euc 2007.11.22)  4 APR 2009 17:54
**allphs_neon20.tex
(./allphs_neon20.tex
pLaTeX2e <2006/01/04>+0 (based on LaTeX2e <2003/12/01> patch level 0)
(/usr/share/texmf/ptex/platex/js/jsarticle.cls
Document Class: jsarticle 2006/11/01 okumura
LaTeX Info: Redefining \rmfamily on input line 319.
LaTeX Info: Redefining \sffamily on input line 322.
LaTeX Info: Redefining \ttfamily on input line 325.
\symmincho=\mathgroup4
LaTeX Font Info:    Overwriting symbol font `mincho' in version `bold'
(Font)                  JY1/mc/m/n --> JY1/gt/m/n on input line 390.
LaTeX Font Info:    Font shape `JT1/mc/m/n' will be
(Font)              scaled to size 9.60999pt on input line 582.
LaTeX Font Info:    Font shape `JY1/mc/m/n' will be
(Font)              scaled to size 9.60999pt on input line 582.
\fullwidth=\dimen118
LaTeX Font Info:    Font shape `JT1/mc/m/n' will be
(Font)              scaled to size 7.68799pt on input line 729.
LaTeX Font Info:    Font shape `JY1/mc/m/n' will be
(Font)              scaled to size 7.68799pt on input line 729.
\c@part=\count81
\c@section=\count82
\c@subsection=\count83
\c@subsubsection=\count84
\c@paragraph=\count85
\c@subparagraph=\count86
\@abstractbox=\box41
\c@figure=\count87
\c@table=\count88
\abovecaptionskip=\skip41
\belowcaptionskip=\skip42
\@lnumwidth=\dimen119
\bibindent=\dimen120
LaTeX Info: Redefining \TeX on input line 1682.
LaTeX Info: Redefining \LaTeX on input line 1708.
LaTeX Info: Redefining \LaTeXe on input line 1733.
\heisei=\count89
) (/usr/share/texmf-dist/tex/latex/graphics/graphicx.sty
Package: graphicx 1999/02/16 v1.0f Enhanced LaTeX Graphics (DPC,SPQR)

(/usr/share/texmf-dist/tex/latex/graphics/keyval.sty
Package: keyval 1999/03/16 v1.13 key=value parser (DPC)
\KV@toks@=\toks15
)
(/usr/share/texmf/tex/latex/graphics/dvipdfmx-contrib-latex/graphics.sty
Package: graphics 2001/07/07 v1.0n Standard LaTeX Graphics (DPC,SPQR)

(/usr/share/texmf-dist/tex/latex/graphics/trig.sty
Package: trig 1999/03/16 v1.09 sin cos tan (DPC)
)
(/usr/share/texmf-dist/tex/latex/graphics/graphics.cfg
File: graphics.cfg 2005/02/03 v1.3 graphics configuration of teTeX/TeXLive
)
Package graphics Info: Driver file: dvips.def on input line 81.

(/usr/share/texmf-dist/tex/latex/graphics/dvips.def
File: dvips.def 1999/02/16 v3.0i Driver-dependant file (DPC,SPQR)
))
\Gin@req@height=\dimen121
\Gin@req@width=\dimen122
) (./allphs_neon20.aux)
\openout1 = `allphs_neon20.aux'.

LaTeX Font Info:    Checking defaults for OML/cmm/m/it on input line 3.
LaTeX Font Info:    ... okay on input line 3.
LaTeX Font Info:    Checking defaults for T1/cmr/m/n on input line 3.
LaTeX Font Info:    ... okay on input line 3.
LaTeX Font Info:    Checking defaults for OT1/cmr/m/n on input line 3.
LaTeX Font Info:    ... okay on input line 3.
LaTeX Font Info:    Checking defaults for OMS/cmsy/m/n on input line 3.
LaTeX Font Info:    ... okay on input line 3.
LaTeX Font Info:    Checking defaults for OMX/cmex/m/n on input line 3.
LaTeX Font Info:    ... okay on input line 3.
LaTeX Font Info:    Checking defaults for U/cmr/m/n on input line 3.
LaTeX Font Info:    ... okay on input line 3.
LaTeX Font Info:    Checking defaults for JY1/mc/m/n on input line 3.
LaTeX Font Info:    ... okay on input line 3.
LaTeX Font Info:    Checking defaults for JT1/mc/m/n on input line 3.
LaTeX Font Info:    ... okay on input line 3.
File: phs_posi.eps Graphic file (type eps)

<phs_posi.eps>
LaTeX Font Info:    External font `cmex10' loaded for size
(Font)              <7> on input line 7.
LaTeX Font Info:    External font `cmex10' loaded for size
(Font)              <5> on input line 7.
LaTeX Font Info:    Font shape `JY1/mc/m/n' will be
(Font)              scaled to size 6.72699pt on input line 7.
LaTeX Font Info:    Font shape `JY1/mc/m/n' will be
(Font)              scaled to size 4.805pt on input line 7.
File: phs_nega.eps Graphic file (type eps)
 <phs_nega.eps>
File: allphs_0.eps Graphic file (type eps)
 <allphs_0.eps>
File: allphs_1.eps Graphic file (type eps)
 <allphs_1.eps>
File: allphs_2.eps Graphic file (type eps)
 <allphs_2.eps>
File: allphs_3.eps Graphic file (type eps)

<allphs_3.eps>
File: allphs_4.eps Graphic file (type eps)
 <allphs_4.eps>
File: allphs_5.eps Graphic file (type eps)
 <allphs_5.eps>
File: allphs_6_1.eps Graphic file (type eps)
 <allphs_6_1.eps>
File: allphs_6_4.eps Graphic file (type eps)
 <allphs_6_4.eps>
Overfull \hbox (76.20168pt too wide) in paragraph at lines 5--35
[]$[]$ $[]$
 []


Overfull \hbox (76.20168pt too wide) in paragraph at lines 5--35
[]$ $[]$
 []


Overfull \hbox (76.20168pt too wide) in paragraph at lines 5--35
[]$ $[]$
 []


Overfull \hbox (76.20168pt too wide) in paragraph at lines 5--35
[]$ $[]$
 []


Overfull \hbox (76.20168pt too wide) in paragraph at lines 5--35
[]$ $[]$ 
 []

File: allphs_7.eps Graphic file (type eps)
<allphs_7.eps>
File: allphs_8_1.eps Graphic file (type eps)
 <allphs_8_1.eps>
File: allphs_8_4.eps Graphic file (type eps)
 <allphs_8_4.eps>
File: allphs_9.eps Graphic file (type eps)
 <allphs_9.eps>
File: allphs_10.eps Graphic file (type eps)

<allphs_10.eps>
Overfull \hbox (76.20168pt too wide) in paragraph at lines 37--52
[]$[]$ $[]$
 []


Overfull \hbox (76.20168pt too wide) in paragraph at lines 37--52
[]$ $[]$
 []

[1] [2] (./allphs_neon20.aux) ) 
Here is how much of TeX's memory you used:
 701 strings out of 94689
 7937 string characters out of 1171882
 59618 words of memory out of 1000000
 4027 multiletter control sequences out of 10000+50000
 8556 words of font info for 38 fonts, out of 500000 for 2000
 571 hyphenation exceptions out of 1000
 25i,4n,19p,206b,434s stack positions out of 1500i,500n,5000p,200000b,5000s

Output written on allphs_neon20.dvi (2 pages, 1500 bytes).
