This is pTeX, Version 3.141592-p3.1.10 (euc) (Web2C 7.5.4) (format=platex-euc 2007.11.22)  19 MAY 2009 18:19
**fig.tex
(./fig.tex
pLaTeX2e <2006/01/04>+0 (based on LaTeX2e <2003/12/01> patch level 0)
(/usr/share/texmf/ptex/platex/js/jsarticle.cls
Document Class: jsarticle 2006/11/01 okumura
LaTeX Info: Redefining \rmfamily on input line 319.
LaTeX Info: Redefining \sffamily on input line 322.
LaTeX Info: Redefining \ttfamily on input line 325.
\symmincho=\mathgroup4
LaTeX Font Info:    Overwriting symbol font `mincho' in version `bold'
(Font)                  JY1/mc/m/n --> JY1/gt/m/n on input line 390.
LaTeX Font Info:    Font shape `JT1/mc/m/n' will be
(Font)              scaled to size 9.60999pt on input line 582.
LaTeX Font Info:    Font shape `JY1/mc/m/n' will be
(Font)              scaled to size 9.60999pt on input line 582.
\fullwidth=\dimen118
LaTeX Font Info:    Font shape `JT1/mc/m/n' will be
(Font)              scaled to size 7.68799pt on input line 729.
LaTeX Font Info:    Font shape `JY1/mc/m/n' will be
(Font)              scaled to size 7.68799pt on input line 729.
\c@part=\count81
\c@section=\count82
\c@subsection=\count83
\c@subsubsection=\count84
\c@paragraph=\count85
\c@subparagraph=\count86
\@abstractbox=\box41
\c@figure=\count87
\c@table=\count88
\abovecaptionskip=\skip41
\belowcaptionskip=\skip42
\@lnumwidth=\dimen119
\bibindent=\dimen120
LaTeX Info: Redefining \TeX on input line 1682.
LaTeX Info: Redefining \LaTeX on input line 1708.
LaTeX Info: Redefining \LaTeXe on input line 1733.
\heisei=\count89
) (/usr/share/texmf-dist/tex/latex/graphics/graphicx.sty
Package: graphicx 1999/02/16 v1.0f Enhanced LaTeX Graphics (DPC,SPQR)

(/usr/share/texmf-dist/tex/latex/graphics/keyval.sty
Package: keyval 1999/03/16 v1.13 key=value parser (DPC)
\KV@toks@=\toks15
)
(/usr/share/texmf/tex/latex/graphics/dvipdfmx-contrib-latex/graphics.sty
Package: graphics 2001/07/07 v1.0n Standard LaTeX Graphics (DPC,SPQR)

(/usr/share/texmf-dist/tex/latex/graphics/trig.sty
Package: trig 1999/03/16 v1.09 sin cos tan (DPC)
)
(/usr/share/texmf-dist/tex/latex/graphics/graphics.cfg
File: graphics.cfg 2005/02/03 v1.3 graphics configuration of teTeX/TeXLive
)
Package graphics Info: Driver file: dvips.def on input line 81.

(/usr/share/texmf-dist/tex/latex/graphics/dvips.def
File: dvips.def 1999/02/16 v3.0i Driver-dependant file (DPC,SPQR)
))
\Gin@req@height=\dimen121
\Gin@req@width=\dimen122
) (./fig.aux)
\openout1 = `fig.aux'.

LaTeX Font Info:    Checking defaults for OML/cmm/m/it on input line 3.
LaTeX Font Info:    ... okay on input line 3.
LaTeX Font Info:    Checking defaults for T1/cmr/m/n on input line 3.
LaTeX Font Info:    ... okay on input line 3.
LaTeX Font Info:    Checking defaults for OT1/cmr/m/n on input line 3.
LaTeX Font Info:    ... okay on input line 3.
LaTeX Font Info:    Checking defaults for OMS/cmsy/m/n on input line 3.
LaTeX Font Info:    ... okay on input line 3.
LaTeX Font Info:    Checking defaults for OMX/cmex/m/n on input line 3.
LaTeX Font Info:    ... okay on input line 3.
LaTeX Font Info:    Checking defaults for U/cmr/m/n on input line 3.
LaTeX Font Info:    ... okay on input line 3.
LaTeX Font Info:    Checking defaults for JY1/mc/m/n on input line 3.
LaTeX Font Info:    ... okay on input line 3.
LaTeX Font Info:    Checking defaults for JT1/mc/m/n on input line 3.
LaTeX Font Info:    ... okay on input line 3.
File: ../helium5/phs/phs_exp_com_s1.eps Graphic file (type eps)

<../helium5/phs/phs_exp_com_s1.eps>
LaTeX Font Info:    External font `cmex10' loaded for size
(Font)              <7> on input line 9.
LaTeX Font Info:    External font `cmex10' loaded for size
(Font)              <5> on input line 9.
LaTeX Font Info:    Font shape `JY1/mc/m/n' will be
(Font)              scaled to size 6.72699pt on input line 9.
LaTeX Font Info:    Font shape `JY1/mc/m/n' will be
(Font)              scaled to size 4.805pt on input line 9.
File: ../lithium5/phs/li5_phs_exp_com_s1.eps Graphic file (type eps)
 <../lithium5/phs/li5_phs_exp_com_s1.eps>
Overfull \hbox (2.2222pt too wide) in paragraph at lines 5--15
[]$[]$ $[]$ 
 []

File: ../helium5/phs/phs_exp_com_p1.eps Graphic file (type eps)
<../helium5/phs/phs_exp_com_p1.eps>
File: ../lithium5/phs/li5_phs_exp_com_p1.eps Graphic file (type eps)
 <../lithium5/phs/li5_phs_exp_com_p1.eps>
Overfull \hbox (2.2222pt too wide) in paragraph at lines 17--27
[]$[]$ $[]$ 
 []

File: ../helium5/phs/phs_exp_com_p3.eps Graphic file (type eps)
<../helium5/phs/phs_exp_com_p3.eps>
File: ../lithium5/phs/li5_phs_exp_com_p3.eps Graphic file (type eps)
 <../lithium5/phs/li5_phs_exp_com_p3.eps>
Overfull \hbox (2.2222pt too wide) in paragraph at lines 29--39
[]$[]$ $[]$ 
 []

[1] (./fig.aux) ) 
Here is how much of TeX's memory you used:
 685 strings out of 94689
 7833 string characters out of 1171882
 59624 words of memory out of 1000000
 4018 multiletter control sequences out of 10000+50000
 8556 words of font info for 38 fonts, out of 500000 for 2000
 571 hyphenation exceptions out of 1000
 25i,4n,19p,196b,488s stack positions out of 1500i,500n,5000p,200000b,5000s

Output written on fig.dvi (1 page, 868 bytes).
